<?xml version="1.0" encoding="UTF-8"?>
<!-- Generated by org.testng.reporters.JUnitReportReporter -->
<testsuite hostname="Indu" failures="0" tests="1" name="testCases.TC001_RegistrationTest" time="2.317" errors="0" timestamp="2024-11-20T20:03:30 IST" skipped="0">
  <testcase classname="testCases.TC001_RegistrationTest" name="verify_Account_Registration" time="2.317"/>
</testsuite> <!-- testCases.TC001_RegistrationTest -->
